{"D:\\GitHub\\KTPM\\frontend\\src\\components\\ProductForm.jsx": {"path":"D:\\GitHub\\KTPM\\frontend\\src\\components\\ProductForm.jsx","statementMap":{"0":{"start":{"line":4,"column":18},"end":{"line":11,"column":1}},"1":{"start":{"line":14,"column":28},"end":{"line":14,"column":47}},"2":{"start":{"line":15,"column":32},"end":{"line":15,"column":44}},"3":{"start":{"line":17,"column":4},"end":{"line":34,"column":18}},"4":{"start":{"line":18,"column":8},"end":{"line":33,"column":9}},"5":{"start":{"line":19,"column":12},"end":{"line":30,"column":15}},"6":{"start":{"line":32,"column":12},"end":{"line":32,"column":31}},"7":{"start":{"line":36,"column":25},"end":{"line":42,"column":5}},"8":{"start":{"line":37,"column":32},"end":{"line":37,"column":40}},"9":{"start":{"line":38,"column":8},"end":{"line":41,"column":12}},"10":{"start":{"line":38,"column":27},"end":{"line":41,"column":9}},"11":{"start":{"line":44,"column":25},"end":{"line":65,"column":5}},"12":{"start":{"line":45,"column":33},"end":{"line":45,"column":54}},"13":{"start":{"line":46,"column":8},"end":{"line":46,"column":36}},"14":{"start":{"line":48,"column":8},"end":{"line":50,"column":9}},"15":{"start":{"line":49,"column":12},"end":{"line":49,"column":19}},"16":{"start":{"line":52,"column":24},"end":{"line":62,"column":9}},"17":{"start":{"line":64,"column":8},"end":{"line":64,"column":24}},"18":{"start":{"line":67,"column":4},"end":{"line":141,"column":6}}},"fnMap":{"0":{"name":"ProductForm","decl":{"start":{"line":13,"column":24},"end":{"line":13,"column":35}},"loc":{"start":{"line":13,"column":67},"end":{"line":142,"column":1}},"line":13},"1":{"name":"(anonymous_1)","decl":{"start":{"line":17,"column":14},"end":{"line":17,"column":15}},"loc":{"start":{"line":17,"column":20},"end":{"line":34,"column":5}},"line":17},"2":{"name":"(anonymous_2)","decl":{"start":{"line":36,"column":25},"end":{"line":36,"column":26}},"loc":{"start":{"line":36,"column":32},"end":{"line":42,"column":5}},"line":36},"3":{"name":"(anonymous_3)","decl":{"start":{"line":38,"column":16},"end":{"line":38,"column":17}},"loc":{"start":{"line":38,"column":27},"end":{"line":41,"column":9}},"line":38},"4":{"name":"(anonymous_4)","decl":{"start":{"line":44,"column":25},"end":{"line":44,"column":26}},"loc":{"start":{"line":44,"column":31},"end":{"line":65,"column":5}},"line":44}},"branchMap":{"0":{"loc":{"start":{"line":18,"column":8},"end":{"line":33,"column":9}},"type":"if","locations":[{"start":{"line":18,"column":8},"end":{"line":33,"column":9}},{"start":{"line":31,"column":15},"end":{"line":33,"column":9}}],"line":18},"1":{"loc":{"start":{"line":23,"column":20},"end":{"line":25,"column":42}},"type":"cond-expr","locations":[{"start":{"line":24,"column":26},"end":{"line":24,"column":28}},{"start":{"line":25,"column":26},"end":{"line":25,"column":42}}],"line":23},"2":{"loc":{"start":{"line":23,"column":20},"end":{"line":23,"column":79}},"type":"binary-expr","locations":[{"start":{"line":23,"column":20},"end":{"line":23,"column":45}},{"start":{"line":23,"column":49},"end":{"line":23,"column":79}}],"line":23},"3":{"loc":{"start":{"line":27,"column":20},"end":{"line":29,"column":39}},"type":"cond-expr","locations":[{"start":{"line":28,"column":26},"end":{"line":28,"column":28}},{"start":{"line":29,"column":26},"end":{"line":29,"column":39}}],"line":27},"4":{"loc":{"start":{"line":27,"column":20},"end":{"line":27,"column":73}},"type":"binary-expr","locations":[{"start":{"line":27,"column":20},"end":{"line":27,"column":42}},{"start":{"line":27,"column":46},"end":{"line":27,"column":73}}],"line":27},"5":{"loc":{"start":{"line":48,"column":8},"end":{"line":50,"column":9}},"type":"if","locations":[{"start":{"line":48,"column":8},"end":{"line":50,"column":9}},{"start":{},"end":{}}],"line":48},"6":{"loc":{"start":{"line":55,"column":16},"end":{"line":57,"column":43}},"type":"cond-expr","locations":[{"start":{"line":56,"column":22},"end":{"line":56,"column":26}},{"start":{"line":57,"column":22},"end":{"line":57,"column":43}}],"line":55},"7":{"loc":{"start":{"line":55,"column":16},"end":{"line":55,"column":62}},"type":"binary-expr","locations":[{"start":{"line":55,"column":16},"end":{"line":55,"column":36}},{"start":{"line":55,"column":40},"end":{"line":55,"column":62}}],"line":55},"8":{"loc":{"start":{"line":59,"column":16},"end":{"line":61,"column":40}},"type":"cond-expr","locations":[{"start":{"line":60,"column":22},"end":{"line":60,"column":26}},{"start":{"line":61,"column":22},"end":{"line":61,"column":40}}],"line":59},"9":{"loc":{"start":{"line":59,"column":16},"end":{"line":59,"column":56}},"type":"binary-expr","locations":[{"start":{"line":59,"column":16},"end":{"line":59,"column":33}},{"start":{"line":59,"column":37},"end":{"line":59,"column":56}}],"line":59},"10":{"loc":{"start":{"line":69,"column":17},"end":{"line":69,"column":67}},"type":"cond-expr","locations":[{"start":{"line":69,"column":35},"end":{"line":69,"column":50}},{"start":{"line":69,"column":53},"end":{"line":69,"column":67}}],"line":69},"11":{"loc":{"start":{"line":76,"column":27},"end":{"line":76,"column":42}},"type":"binary-expr","locations":[{"start":{"line":76,"column":27},"end":{"line":76,"column":36}},{"start":{"line":76,"column":40},"end":{"line":76,"column":42}}],"line":76},"12":{"loc":{"start":{"line":79,"column":17},"end":{"line":79,"column":65}},"type":"binary-expr","locations":[{"start":{"line":79,"column":17},"end":{"line":79,"column":28}},{"start":{"line":79,"column":32},"end":{"line":79,"column":65}}],"line":79},"13":{"loc":{"start":{"line":88,"column":27},"end":{"line":88,"column":46}},"type":"binary-expr","locations":[{"start":{"line":88,"column":27},"end":{"line":88,"column":40}},{"start":{"line":88,"column":44},"end":{"line":88,"column":46}}],"line":88},"14":{"loc":{"start":{"line":91,"column":17},"end":{"line":91,"column":73}},"type":"binary-expr","locations":[{"start":{"line":91,"column":17},"end":{"line":91,"column":32}},{"start":{"line":91,"column":36},"end":{"line":91,"column":73}}],"line":91},"15":{"loc":{"start":{"line":100,"column":27},"end":{"line":100,"column":43}},"type":"binary-expr","locations":[{"start":{"line":100,"column":27},"end":{"line":100,"column":37}},{"start":{"line":100,"column":41},"end":{"line":100,"column":43}}],"line":100},"16":{"loc":{"start":{"line":103,"column":17},"end":{"line":103,"column":67}},"type":"binary-expr","locations":[{"start":{"line":103,"column":17},"end":{"line":103,"column":29}},{"start":{"line":103,"column":33},"end":{"line":103,"column":67}}],"line":103},"17":{"loc":{"start":{"line":111,"column":27},"end":{"line":111,"column":49}},"type":"binary-expr","locations":[{"start":{"line":111,"column":27},"end":{"line":111,"column":43}},{"start":{"line":111,"column":47},"end":{"line":111,"column":49}}],"line":111},"18":{"loc":{"start":{"line":114,"column":17},"end":{"line":114,"column":79}},"type":"binary-expr","locations":[{"start":{"line":114,"column":17},"end":{"line":114,"column":35}},{"start":{"line":114,"column":39},"end":{"line":114,"column":79}}],"line":114},"19":{"loc":{"start":{"line":122,"column":27},"end":{"line":122,"column":46}},"type":"binary-expr","locations":[{"start":{"line":122,"column":27},"end":{"line":122,"column":40}},{"start":{"line":122,"column":44},"end":{"line":122,"column":46}}],"line":122},"20":{"loc":{"start":{"line":131,"column":17},"end":{"line":131,"column":73}},"type":"binary-expr","locations":[{"start":{"line":131,"column":17},"end":{"line":131,"column":32}},{"start":{"line":131,"column":36},"end":{"line":131,"column":73}}],"line":131}},"s":{"0":0,"1":0,"2":0,"3":0,"4":0,"5":0,"6":0,"7":0,"8":0,"9":0,"10":0,"11":0,"12":0,"13":0,"14":0,"15":0,"16":0,"17":0,"18":0},"f":{"0":0,"1":0,"2":0,"3":0,"4":0},"b":{"0":[0,0],"1":[0,0],"2":[0,0],"3":[0,0],"4":[0,0],"5":[0,0],"6":[0,0],"7":[0,0],"8":[0,0],"9":[0,0],"10":[0,0],"11":[0,0],"12":[0,0],"13":[0,0],"14":[0,0],"15":[0,0],"16":[0,0],"17":[0,0],"18":[0,0],"19":[0,0],"20":[0,0]}}
,"D:\\GitHub\\KTPM\\frontend\\src\\utils\\productValidation.js": {"path":"D:\\GitHub\\KTPM\\frontend\\src\\utils\\productValidation.js","statementMap":{"0":{"start":{"line":2,"column":31},"end":{"line":46,"column":1}},"1":{"start":{"line":3,"column":19},"end":{"line":3,"column":21}},"2":{"start":{"line":5,"column":17},"end":{"line":5,"column":56}},"3":{"start":{"line":6,"column":4},"end":{"line":10,"column":5}},"4":{"start":{"line":7,"column":8},"end":{"line":7,"column":57}},"5":{"start":{"line":8,"column":11},"end":{"line":10,"column":5}},"6":{"start":{"line":9,"column":8},"end":{"line":9,"column":61}},"7":{"start":{"line":12,"column":21},"end":{"line":12,"column":34}},"8":{"start":{"line":13,"column":22},"end":{"line":13,"column":31}},"9":{"start":{"line":14,"column":4},"end":{"line":24,"column":5}},"10":{"start":{"line":15,"column":8},"end":{"line":15,"column":49}},"11":{"start":{"line":17,"column":22},"end":{"line":17,"column":38}},"12":{"start":{"line":19,"column":8},"end":{"line":23,"column":9}},"13":{"start":{"line":20,"column":12},"end":{"line":20,"column":48}},"14":{"start":{"line":21,"column":15},"end":{"line":23,"column":9}},"15":{"start":{"line":22,"column":12},"end":{"line":22,"column":68}},"16":{"start":{"line":26,"column":24},"end":{"line":26,"column":40}},"17":{"start":{"line":27,"column":4},"end":{"line":34,"column":5}},"18":{"start":{"line":28,"column":8},"end":{"line":28,"column":57}},"19":{"start":{"line":30,"column":25},"end":{"line":30,"column":44}},"20":{"start":{"line":31,"column":8},"end":{"line":33,"column":9}},"21":{"start":{"line":32,"column":12},"end":{"line":32,"column":62}},"22":{"start":{"line":36,"column":4},"end":{"line":38,"column":5}},"23":{"start":{"line":37,"column":8},"end":{"line":37,"column":70}},"24":{"start":{"line":40,"column":21},"end":{"line":40,"column":68}},"25":{"start":{"line":41,"column":4},"end":{"line":43,"column":5}},"26":{"start":{"line":42,"column":8},"end":{"line":42,"column":57}},"27":{"start":{"line":45,"column":4},"end":{"line":45,"column":18}}},"fnMap":{"0":{"name":"(anonymous_0)","decl":{"start":{"line":2,"column":31},"end":{"line":2,"column":32}},"loc":{"start":{"line":2,"column":44},"end":{"line":46,"column":1}},"line":2}},"branchMap":{"0":{"loc":{"start":{"line":5,"column":17},"end":{"line":5,"column":56}},"type":"cond-expr","locations":[{"start":{"line":5,"column":32},"end":{"line":5,"column":51}},{"start":{"line":5,"column":54},"end":{"line":5,"column":56}}],"line":5},"1":{"loc":{"start":{"line":6,"column":4},"end":{"line":10,"column":5}},"type":"if","locations":[{"start":{"line":6,"column":4},"end":{"line":10,"column":5}},{"start":{"line":8,"column":11},"end":{"line":10,"column":5}}],"line":6},"2":{"loc":{"start":{"line":8,"column":11},"end":{"line":10,"column":5}},"type":"if","locations":[{"start":{"line":8,"column":11},"end":{"line":10,"column":5}},{"start":{},"end":{}}],"line":8},"3":{"loc":{"start":{"line":8,"column":15},"end":{"line":8,"column":51}},"type":"binary-expr","locations":[{"start":{"line":8,"column":15},"end":{"line":8,"column":30}},{"start":{"line":8,"column":34},"end":{"line":8,"column":51}}],"line":8},"4":{"loc":{"start":{"line":14,"column":4},"end":{"line":24,"column":5}},"type":"if","locations":[{"start":{"line":14,"column":4},"end":{"line":24,"column":5}},{"start":{"line":16,"column":11},"end":{"line":24,"column":5}}],"line":14},"5":{"loc":{"start":{"line":14,"column":8},"end":{"line":14,"column":44}},"type":"binary-expr","locations":[{"start":{"line":14,"column":8},"end":{"line":14,"column":25}},{"start":{"line":14,"column":29},"end":{"line":14,"column":44}}],"line":14},"6":{"loc":{"start":{"line":19,"column":8},"end":{"line":23,"column":9}},"type":"if","locations":[{"start":{"line":19,"column":8},"end":{"line":23,"column":9}},{"start":{"line":21,"column":15},"end":{"line":23,"column":9}}],"line":19},"7":{"loc":{"start":{"line":21,"column":15},"end":{"line":23,"column":9}},"type":"if","locations":[{"start":{"line":21,"column":15},"end":{"line":23,"column":9}},{"start":{},"end":{}}],"line":21},"8":{"loc":{"start":{"line":27,"column":4},"end":{"line":34,"column":5}},"type":"if","locations":[{"start":{"line":27,"column":4},"end":{"line":34,"column":5}},{"start":{"line":29,"column":11},"end":{"line":34,"column":5}}],"line":27},"9":{"loc":{"start":{"line":27,"column":7},"end":{"line":27,"column":49}},"type":"binary-expr","locations":[{"start":{"line":27,"column":7},"end":{"line":27,"column":27}},{"start":{"line":27,"column":31},"end":{"line":27,"column":49}}],"line":27},"10":{"loc":{"start":{"line":31,"column":8},"end":{"line":33,"column":9}},"type":"if","locations":[{"start":{"line":31,"column":8},"end":{"line":33,"column":9}},{"start":{},"end":{}}],"line":31},"11":{"loc":{"start":{"line":31,"column":11},"end":{"line":31,"column":69}},"type":"binary-expr","locations":[{"start":{"line":31,"column":11},"end":{"line":31,"column":33}},{"start":{"line":31,"column":37},"end":{"line":31,"column":49}},{"start":{"line":31,"column":53},"end":{"line":31,"column":69}}],"line":31},"12":{"loc":{"start":{"line":36,"column":4},"end":{"line":38,"column":5}},"type":"if","locations":[{"start":{"line":36,"column":4},"end":{"line":38,"column":5}},{"start":{},"end":{}}],"line":36},"13":{"loc":{"start":{"line":36,"column":7},"end":{"line":36,"column":70}},"type":"binary-expr","locations":[{"start":{"line":36,"column":7},"end":{"line":36,"column":26}},{"start":{"line":36,"column":30},"end":{"line":36,"column":70}}],"line":36},"14":{"loc":{"start":{"line":40,"column":21},"end":{"line":40,"column":68}},"type":"cond-expr","locations":[{"start":{"line":40,"column":40},"end":{"line":40,"column":63}},{"start":{"line":40,"column":66},"end":{"line":40,"column":68}}],"line":40},"15":{"loc":{"start":{"line":41,"column":4},"end":{"line":43,"column":5}},"type":"if","locations":[{"start":{"line":41,"column":4},"end":{"line":43,"column":5}},{"start":{},"end":{}}],"line":41}},"s":{"0":0,"1":0,"2":0,"3":0,"4":0,"5":0,"6":0,"7":0,"8":0,"9":0,"10":0,"11":0,"12":0,"13":0,"14":0,"15":0,"16":0,"17":0,"18":0,"19":0,"20":0,"21":0,"22":0,"23":0,"24":0,"25":0,"26":0,"27":0},"f":{"0":0},"b":{"0":[0,0],"1":[0,0],"2":[0,0],"3":[0,0],"4":[0,0],"5":[0,0],"6":[0,0],"7":[0,0],"8":[0,0],"9":[0,0],"10":[0,0],"11":[0,0,0],"12":[0,0],"13":[0,0],"14":[0,0],"15":[0,0]}}
}
