TN:
SF:src\components\ProductForm.jsx
FN:13,ProductForm
FN:17,(anonymous_1)
FN:36,(anonymous_2)
FN:38,(anonymous_3)
FN:44,(anonymous_4)
FNF:5
FNH:5
FNDA:56,ProductForm
FNDA:10,(anonymous_1)
FNDA:27,(anonymous_2)
FNDA:27,(anonymous_3)
FNDA:9,(anonymous_4)
DA:4,1
DA:14,56
DA:15,56
DA:17,56
DA:18,10
DA:19,3
DA:32,7
DA:36,56
DA:37,27
DA:38,27
DA:44,56
DA:45,9
DA:46,9
DA:48,9
DA:49,8
DA:52,1
DA:64,1
DA:67,56
LF:18
LH:18
BRDA:18,0,0,3
BRDA:18,0,1,7
BRDA:23,1,0,1
BRDA:23,1,1,2
BRDA:23,2,0,3
BRDA:23,2,1,2
BRDA:27,3,0,1
BRDA:27,3,1,2
BRDA:27,4,0,3
BRDA:27,4,1,2
BRDA:48,5,0,8
BRDA:48,5,1,1
BRDA:55,6,0,0
BRDA:55,6,1,1
BRDA:55,7,0,1
BRDA:55,7,1,1
BRDA:59,8,0,0
BRDA:59,8,1,1
BRDA:59,9,0,1
BRDA:59,9,1,1
BRDA:69,10,0,51
BRDA:69,10,1,5
BRDA:76,11,0,56
BRDA:76,11,1,15
BRDA:79,12,0,56
BRDA:79,12,1,1
BRDA:88,13,0,56
BRDA:88,13,1,0
BRDA:91,14,0,56
BRDA:91,14,1,2
BRDA:100,15,0,56
BRDA:100,15,1,0
BRDA:103,16,0,56
BRDA:103,16,1,3
BRDA:111,17,0,56
BRDA:111,17,1,45
BRDA:114,18,0,56
BRDA:114,18,1,1
BRDA:122,19,0,56
BRDA:122,19,1,38
BRDA:131,20,0,56
BRDA:131,20,1,1
BRF:42
BRH:38
end_of_record
TN:
SF:src\utils\productValidation.js
FN:2,(anonymous_0)
FNF:1
FNH:1
FNDA:22,(anonymous_0)
DA:2,2
DA:3,22
DA:5,22
DA:6,22
DA:7,2
DA:8,20
DA:9,2
DA:12,22
DA:13,22
DA:14,22
DA:15,3
DA:17,19
DA:19,19
DA:20,1
DA:21,18
DA:22,1
DA:23,17
DA:24,2
DA:28,22
DA:29,22
DA:30,2
DA:32,20
DA:33,20
DA:34,3
DA:38,22
DA:39,2
DA:42,22
DA:43,22
DA:44,2
DA:47,22
LF:30
LH:30
BRDA:5,0,0,20
BRDA:5,0,1,2
BRDA:6,1,0,2
BRDA:6,1,1,20
BRDA:8,2,0,2
BRDA:8,2,1,18
BRDA:8,3,0,20
BRDA:8,3,1,19
BRDA:14,4,0,3
BRDA:14,4,1,19
BRDA:14,5,0,22
BRDA:14,5,1,22
BRDA:19,6,0,1
BRDA:19,6,1,18
BRDA:21,7,0,1
BRDA:21,7,1,17
BRDA:23,8,0,2
BRDA:23,8,1,15
BRDA:29,9,0,2
BRDA:29,9,1,20
BRDA:29,10,0,22
BRDA:29,10,1,22
BRDA:33,11,0,3
BRDA:33,11,1,17
BRDA:33,12,0,20
BRDA:33,12,1,20
BRDA:33,12,2,19
BRDA:38,13,0,2
BRDA:38,13,1,20
BRDA:38,14,0,22
BRDA:38,14,1,17
BRDA:42,15,0,20
BRDA:42,15,1,2
BRDA:43,16,0,2
BRDA:43,16,1,20
BRF:35
BRH:35
end_of_record
